<?xml version="1.0" encoding="UTF-8"?>
<robot generator="Robot 7.0.1 (Python 3.12.4 on darwin)" generated="2025-05-09T18:37:54.211726" rpa="false" schemaversion="5">
<suite id="s1" name="ApplyingForAJob" source="/Users/fadihaddad/Desktop/test/Valori /Valori Project/Tests/ApplyingForAJob.robot">
<test id="s1-t1" name="Verifying ability to apply for a job" line="12">
<kw name="Open Browser" owner="SeleniumLibrary">
<msg time="2025-05-09T18:37:54.264288" level="INFO">Opening browser 'gc' to base url 'https://cerios.nl'.</msg>
<arg>${BASE_URL}</arg>
<arg>${Browser}</arg>
<doc>Opens a new browser instance to the optional ``url``.</doc>
<status status="PASS" start="2025-05-09T18:37:54.264170" elapsed="1.504436"/>
</kw>
<kw name="Maximize Browser Window" owner="SeleniumLibrary">
<doc>Maximizes current browser window.</doc>
<status status="PASS" start="2025-05-09T18:37:55.769104" elapsed="0.379735"/>
</kw>
<kw name="Sleep" owner="BuiltIn">
<msg time="2025-05-09T18:37:58.151821" level="INFO">Slept 2 seconds.</msg>
<arg>2s</arg>
<doc>Pauses the test executed for the given time.</doc>
<status status="PASS" start="2025-05-09T18:37:56.149002" elapsed="2.003137"/>
</kw>
<kw name="Click Button" owner="SeleniumLibrary">
<msg time="2025-05-09T18:37:58.153366" level="INFO">Clicking button 'Alle cookies toestaan'.</msg>
<arg>Alle cookies toestaan</arg>
<doc>Clicks the button identified by ``locator``.</doc>
<status status="PASS" start="2025-05-09T18:37:58.152699" elapsed="0.076330"/>
</kw>
<kw name="Sleep" owner="BuiltIn">
<msg time="2025-05-09T18:38:00.231648" level="INFO">Slept 2 seconds.</msg>
<arg>2s</arg>
<doc>Pauses the test executed for the given time.</doc>
<status status="PASS" start="2025-05-09T18:37:58.229210" elapsed="2.003079"/>
</kw>
<kw name="Click Element" owner="SeleniumLibrary">
<msg time="2025-05-09T18:38:00.234432" level="INFO">Clicking element 'xpath=//div[text()="Vacatures"]'.</msg>
<arg>xpath=//div[text()="Vacatures"]</arg>
<doc>Click the element identified by ``locator``.</doc>
<status status="PASS" start="2025-05-09T18:38:00.233458" elapsed="0.408854"/>
</kw>
<kw name="Sleep" owner="BuiltIn">
<msg time="2025-05-09T18:38:02.644232" level="INFO">Slept 2 seconds.</msg>
<arg>2s</arg>
<doc>Pauses the test executed for the given time.</doc>
<status status="PASS" start="2025-05-09T18:38:00.642457" elapsed="2.002342"/>
</kw>
<kw name="Page Should Contain" owner="SeleniumLibrary">
<msg time="2025-05-09T18:38:02.665888" level="INFO">Current page contains text 'carriére in ontwikkelling'.</msg>
<arg>carriére in ontwikkelling</arg>
<doc>Verifies that current page contains ``text``.</doc>
<status status="PASS" start="2025-05-09T18:38:02.645924" elapsed="0.020048"/>
</kw>
<kw name="Scroll Element Into View" owner="SeleniumLibrary">
<arg>//*[@id="job-overview"]/div/div/div/div/div[3]/div/div[2]/div</arg>
<doc>Scrolls the element identified by ``locator`` into view.</doc>
<status status="PASS" start="2025-05-09T18:38:02.666186" elapsed="0.277992"/>
</kw>
<kw name="Sleep" owner="BuiltIn">
<msg time="2025-05-09T18:38:04.945510" level="INFO">Slept 2 seconds.</msg>
<arg>2s</arg>
<doc>Pauses the test executed for the given time.</doc>
<status status="PASS" start="2025-05-09T18:38:02.944483" elapsed="2.001097"/>
</kw>
<kw name="Click Element" owner="SeleniumLibrary">
<msg time="2025-05-09T18:38:04.945833" level="INFO">Clicking element '//*[@id="job-overview"]/div/div/div/div/div[3]/div/div[2]/div'.</msg>
<arg>//*[@id="job-overview"]/div/div/div/div/div[3]/div/div[2]/div</arg>
<doc>Click the element identified by ``locator``.</doc>
<status status="PASS" start="2025-05-09T18:38:04.945720" elapsed="0.037315"/>
</kw>
<kw name="Sleep" owner="BuiltIn">
<msg time="2025-05-09T18:38:06.983652" level="INFO">Slept 2 seconds.</msg>
<arg>2s</arg>
<doc>Pauses the test executed for the given time.</doc>
<status status="PASS" start="2025-05-09T18:38:04.983192" elapsed="2.001025"/>
</kw>
<doc>This test case checks the "Applying for a job" functionality</doc>
<tag>Applying</tag>
<status status="PASS" start="2025-05-09T18:37:54.263732" elapsed="12.721518"/>
</test>
<doc>Applying For A Job Functionality</doc>
<status status="PASS" start="2025-05-09T18:37:54.212614" elapsed="12.774729"/>
</suite>
<statistics>
<total>
<stat pass="1" fail="0" skip="0">All Tests</stat>
</total>
<tag>
<stat pass="1" fail="0" skip="0">Applying</stat>
</tag>
<suite>
<stat pass="1" fail="0" skip="0" id="s1" name="ApplyingForAJob">ApplyingForAJob</stat>
</suite>
</statistics>
<errors>
</errors>
</robot>
